[16-Feb-2024 09:37:55 UTC] PHP Parse error:  syntax error, unexpected token "/" in C:\Users\yusuk\Local Sites\corporatesite\app\public\wp-content\themes\corporate_site\header.php on line 24
[16-Feb-2024 09:38:04 UTC] PHP Parse error:  syntax error, unexpected token "/" in C:\Users\yusuk\Local Sites\corporatesite\app\public\wp-content\themes\corporate_site\header.php on line 24
[17-Feb-2024 08:40:31 UTC] PHP Warning:  Attempt to read property "title" on null in C:\Users\yusuk\Local Sites\corporatesite\app\public\wp-includes\class-wp-customize-widgets.php on line 905
[19-Feb-2024 01:22:13 UTC] PHP Warning:  Attempt to read property "title" on null in C:\Users\yusuk\Local Sites\corporatesite\app\public\wp-includes\class-wp-customize-widgets.php on line 905
[19-Feb-2024 02:13:47 UTC] PHP Warning:  Attempt to read property "title" on null in C:\Users\yusuk\Local Sites\corporatesite\app\public\wp-includes\class-wp-customize-widgets.php on line 905
[19-Feb-2024 02:18:09 UTC] PHP Warning:  Attempt to read property "title" on null in C:\Users\yusuk\Local Sites\corporatesite\app\public\wp-includes\class-wp-customize-widgets.php on line 905
[19-Feb-2024 02:58:40 UTC] PHP Warning:  Attempt to read property "title" on null in C:\Users\yusuk\Local Sites\corporatesite\app\public\wp-includes\class-wp-customize-widgets.php on line 905
[19-Feb-2024 04:40:32 UTC] PHP Warning:  Attempt to read property "title" on null in C:\Users\yusuk\Local Sites\corporatesite\app\public\wp-includes\class-wp-customize-widgets.php on line 905
[19-Feb-2024 04:41:57 UTC] PHP Warning:  Attempt to read property "title" on null in C:\Users\yusuk\Local Sites\corporatesite\app\public\wp-includes\class-wp-customize-widgets.php on line 905
[19-Feb-2024 04:43:34 UTC] PHP Warning:  Attempt to read property "title" on null in C:\Users\yusuk\Local Sites\corporatesite\app\public\wp-includes\class-wp-customize-widgets.php on line 905
[19-Feb-2024 04:43:54 UTC] PHP Warning:  Attempt to read property "title" on null in C:\Users\yusuk\Local Sites\corporatesite\app\public\wp-includes\class-wp-customize-widgets.php on line 905
[19-Feb-2024 04:45:00 UTC] PHP Warning:  Attempt to read property "title" on null in C:\Users\yusuk\Local Sites\corporatesite\app\public\wp-includes\class-wp-customize-widgets.php on line 905
[19-Feb-2024 05:12:58 UTC] PHP Warning:  Attempt to read property "title" on null in C:\Users\yusuk\Local Sites\corporatesite\app\public\wp-includes\class-wp-customize-widgets.php on line 905
[19-Feb-2024 09:29:18 UTC] PHP Warning:  Attempt to read property "title" on null in C:\Users\yusuk\Local Sites\corporatesite\app\public\wp-includes\class-wp-customize-widgets.php on line 905
[20-Feb-2024 06:32:48 UTC] PHP Warning:  Attempt to read property "title" on null in C:\Users\yusuk\Local Sites\corporatesite\app\public\wp-includes\class-wp-customize-widgets.php on line 905
[20-Feb-2024 15:11:33 UTC] PHP Parse error:  syntax error, unexpected end of file in C:\Users\yusuk\Local Sites\corporatesite\app\public\wp-content\themes\corporate_site\home.php on line 180
[20-Feb-2024 15:12:16 UTC] PHP Parse error:  syntax error, unexpected end of file in C:\Users\yusuk\Local Sites\corporatesite\app\public\wp-content\themes\corporate_site\home.php on line 180
[20-Feb-2024 15:14:28 UTC] PHP Parse error:  syntax error, unexpected end of file in C:\Users\yusuk\Local Sites\corporatesite\app\public\wp-content\themes\corporate_site\home.php on line 180
[20-Feb-2024 15:14:55 UTC] PHP Parse error:  syntax error, unexpected end of file in C:\Users\yusuk\Local Sites\corporatesite\app\public\wp-content\themes\corporate_site\home.php on line 180
[20-Feb-2024 15:14:57 UTC] PHP Parse error:  syntax error, unexpected end of file in C:\Users\yusuk\Local Sites\corporatesite\app\public\wp-content\themes\corporate_site\home.php on line 180
[20-Feb-2024 15:15:48 UTC] PHP Parse error:  syntax error, unexpected end of file in C:\Users\yusuk\Local Sites\corporatesite\app\public\wp-content\themes\corporate_site\home.php on line 180
[20-Feb-2024 15:17:03 UTC] PHP Parse error:  syntax error, unexpected end of file in C:\Users\yusuk\Local Sites\corporatesite\app\public\wp-content\themes\corporate_site\home.php on line 182
[20-Feb-2024 15:17:08 UTC] PHP Parse error:  syntax error, unexpected end of file in C:\Users\yusuk\Local Sites\corporatesite\app\public\wp-content\themes\corporate_site\home.php on line 182
[20-Feb-2024 15:18:21 UTC] PHP Parse error:  syntax error, unexpected end of file in C:\Users\yusuk\Local Sites\corporatesite\app\public\wp-content\themes\corporate_site\home.php on line 182
[20-Feb-2024 15:18:45 UTC] PHP Parse error:  syntax error, unexpected end of file in C:\Users\yusuk\Local Sites\corporatesite\app\public\wp-content\themes\corporate_site\home.php on line 176
[20-Feb-2024 15:19:16 UTC] PHP Parse error:  syntax error, unexpected end of file in C:\Users\yusuk\Local Sites\corporatesite\app\public\wp-content\themes\corporate_site\home.php on line 177
[20-Feb-2024 15:19:22 UTC] PHP Parse error:  syntax error, unexpected end of file in C:\Users\yusuk\Local Sites\corporatesite\app\public\wp-content\themes\corporate_site\home.php on line 177
[20-Feb-2024 15:19:24 UTC] PHP Parse error:  syntax error, unexpected end of file in C:\Users\yusuk\Local Sites\corporatesite\app\public\wp-content\themes\corporate_site\home.php on line 177
[20-Feb-2024 15:19:46 UTC] PHP Parse error:  syntax error, unexpected end of file in C:\Users\yusuk\Local Sites\corporatesite\app\public\wp-content\themes\corporate_site\home.php on line 177
[20-Feb-2024 15:29:36 UTC] PHP Parse error:  syntax error, unexpected end of file in C:\Users\yusuk\Local Sites\corporatesite\app\public\wp-content\themes\corporate_site\home.php on line 186
[20-Feb-2024 15:30:11 UTC] PHP Parse error:  syntax error, unexpected end of file in C:\Users\yusuk\Local Sites\corporatesite\app\public\wp-content\themes\corporate_site\home.php on line 186
[20-Feb-2024 15:30:44 UTC] PHP Parse error:  syntax error, unexpected end of file in C:\Users\yusuk\Local Sites\corporatesite\app\public\wp-content\themes\corporate_site\home.php on line 187
[20-Feb-2024 15:30:48 UTC] PHP Parse error:  syntax error, unexpected end of file in C:\Users\yusuk\Local Sites\corporatesite\app\public\wp-content\themes\corporate_site\home.php on line 187
[20-Feb-2024 15:31:30 UTC] PHP Parse error:  syntax error, unexpected end of file in C:\Users\yusuk\Local Sites\corporatesite\app\public\wp-content\themes\corporate_site\home.php on line 187
[20-Feb-2024 15:45:50 UTC] PHP Parse error:  syntax error, unexpected end of file in C:\Users\yusuk\Local Sites\corporatesite\app\public\wp-content\themes\corporate_site\home.php on line 187
[20-Feb-2024 15:47:42 UTC] PHP Parse error:  syntax error, unexpected end of file in C:\Users\yusuk\Local Sites\corporatesite\app\public\wp-content\themes\corporate_site\home.php on line 187
[20-Feb-2024 15:53:19 UTC] PHP Parse error:  syntax error, unexpected end of file in C:\Users\yusuk\Local Sites\corporatesite\app\public\wp-content\themes\corporate_site\home.php on line 173
[20-Feb-2024 15:54:34 UTC] PHP Parse error:  syntax error, unexpected end of file in C:\Users\yusuk\Local Sites\corporatesite\app\public\wp-content\themes\corporate_site\home.php on line 173
[21-Feb-2024 07:07:29 UTC] PHP Parse error:  syntax error, unexpected end of file in C:\Users\yusuk\Local Sites\corporatesite\app\public\wp-content\themes\corporate_site\home.php on line 187
[21-Feb-2024 08:11:20 UTC] PHP Fatal error:  Uncaught ArgumentCountError: Too few arguments to function get_post_field(), 0 passed in C:\Users\yusuk\Local Sites\corporatesite\app\public\wp-content\themes\corporate_site\home.php on line 38 and at least 1 expected in C:\Users\yusuk\Local Sites\corporatesite\app\public\wp-includes\post.php:1107
Stack trace:
#0 C:\Users\yusuk\Local Sites\corporatesite\app\public\wp-content\themes\corporate_site\home.php(38): get_post_field()
#1 C:\Users\yusuk\Local Sites\corporatesite\app\public\wp-includes\template-loader.php(106): include('C:\\Users\\yusuk\\...')
#2 C:\Users\yusuk\Local Sites\corporatesite\app\public\wp-blog-header.php(19): require_once('C:\\Users\\yusuk\\...')
#3 C:\Users\yusuk\Local Sites\corporatesite\app\public\index.php(17): require('C:\\Users\\yusuk\\...')
#4 {main}
  thrown in C:\Users\yusuk\Local Sites\corporatesite\app\public\wp-includes\post.php on line 1107
[21-Feb-2024 08:17:57 UTC] PHP Fatal error:  Uncaught Error: Call to undefined function category_name() in C:\Users\yusuk\Local Sites\corporatesite\app\public\wp-content\themes\corporate_site\home.php:40
Stack trace:
#0 C:\Users\yusuk\Local Sites\corporatesite\app\public\wp-includes\template-loader.php(106): include()
#1 C:\Users\yusuk\Local Sites\corporatesite\app\public\wp-blog-header.php(19): require_once('C:\\Users\\yusuk\\...')
#2 C:\Users\yusuk\Local Sites\corporatesite\app\public\index.php(17): require('C:\\Users\\yusuk\\...')
#3 {main}
  thrown in C:\Users\yusuk\Local Sites\corporatesite\app\public\wp-content\themes\corporate_site\home.php on line 40
[21-Feb-2024 08:23:36 UTC] PHP Fatal error:  Uncaught Error: Cannot use object of type WP_Post as array in C:\Users\yusuk\Local Sites\corporatesite\app\public\wp-content\themes\corporate_site\home.php:39
Stack trace:
#0 C:\Users\yusuk\Local Sites\corporatesite\app\public\wp-includes\template-loader.php(106): include()
#1 C:\Users\yusuk\Local Sites\corporatesite\app\public\wp-blog-header.php(19): require_once('C:\\Users\\yusuk\\...')
#2 C:\Users\yusuk\Local Sites\corporatesite\app\public\index.php(17): require('C:\\Users\\yusuk\\...')
#3 {main}
  thrown in C:\Users\yusuk\Local Sites\corporatesite\app\public\wp-content\themes\corporate_site\home.php on line 39
[21-Feb-2024 08:25:29 UTC] PHP Fatal error:  Uncaught Error: Cannot use object of type WP_Post as array in C:\Users\yusuk\Local Sites\corporatesite\app\public\wp-content\themes\corporate_site\home.php:40
Stack trace:
#0 C:\Users\yusuk\Local Sites\corporatesite\app\public\wp-includes\template-loader.php(106): include()
#1 C:\Users\yusuk\Local Sites\corporatesite\app\public\wp-blog-header.php(19): require_once('C:\\Users\\yusuk\\...')
#2 C:\Users\yusuk\Local Sites\corporatesite\app\public\index.php(17): require('C:\\Users\\yusuk\\...')
#3 {main}
  thrown in C:\Users\yusuk\Local Sites\corporatesite\app\public\wp-content\themes\corporate_site\home.php on line 40
[21-Feb-2024 08:26:06 UTC] PHP Fatal error:  Uncaught Error: Cannot use object of type WP_Post as array in C:\Users\yusuk\Local Sites\corporatesite\app\public\wp-content\themes\corporate_site\home.php:40
Stack trace:
#0 C:\Users\yusuk\Local Sites\corporatesite\app\public\wp-includes\template-loader.php(106): include()
#1 C:\Users\yusuk\Local Sites\corporatesite\app\public\wp-blog-header.php(19): require_once('C:\\Users\\yusuk\\...')
#2 C:\Users\yusuk\Local Sites\corporatesite\app\public\index.php(17): require('C:\\Users\\yusuk\\...')
#3 {main}
  thrown in C:\Users\yusuk\Local Sites\corporatesite\app\public\wp-content\themes\corporate_site\home.php on line 40
[21-Feb-2024 08:26:10 UTC] PHP Fatal error:  Uncaught Error: Cannot use object of type WP_Post as array in C:\Users\yusuk\Local Sites\corporatesite\app\public\wp-content\themes\corporate_site\home.php:40
Stack trace:
#0 C:\Users\yusuk\Local Sites\corporatesite\app\public\wp-includes\template-loader.php(106): include()
#1 C:\Users\yusuk\Local Sites\corporatesite\app\public\wp-blog-header.php(19): require_once('C:\\Users\\yusuk\\...')
#2 C:\Users\yusuk\Local Sites\corporatesite\app\public\index.php(17): require('C:\\Users\\yusuk\\...')
#3 {main}
  thrown in C:\Users\yusuk\Local Sites\corporatesite\app\public\wp-content\themes\corporate_site\home.php on line 40
[21-Feb-2024 08:27:11 UTC] PHP Fatal error:  Uncaught Error: Cannot use object of type WP_Post as array in C:\Users\yusuk\Local Sites\corporatesite\app\public\wp-content\themes\corporate_site\home.php:40
Stack trace:
#0 C:\Users\yusuk\Local Sites\corporatesite\app\public\wp-includes\template-loader.php(106): include()
#1 C:\Users\yusuk\Local Sites\corporatesite\app\public\wp-blog-header.php(19): require_once('C:\\Users\\yusuk\\...')
#2 C:\Users\yusuk\Local Sites\corporatesite\app\public\index.php(17): require('C:\\Users\\yusuk\\...')
#3 {main}
  thrown in C:\Users\yusuk\Local Sites\corporatesite\app\public\wp-content\themes\corporate_site\home.php on line 40
[21-Feb-2024 08:34:14 UTC] PHP Warning:  Undefined property: WP_Post_Type::$post_name in C:\Users\yusuk\Local Sites\corporatesite\app\public\wp-content\themes\corporate_site\home.php on line 39
[21-Feb-2024 08:34:14 UTC] PHP Warning:  Undefined property: WP_Post_Type::$post_name in C:\Users\yusuk\Local Sites\corporatesite\app\public\wp-content\themes\corporate_site\home.php on line 39
[21-Feb-2024 08:34:14 UTC] PHP Warning:  Undefined property: WP_Post_Type::$post_name in C:\Users\yusuk\Local Sites\corporatesite\app\public\wp-content\themes\corporate_site\home.php on line 39
[21-Feb-2024 08:52:37 UTC] PHP Warning:  Attempt to read property "slug" on string in C:\Users\yusuk\Local Sites\corporatesite\app\public\wp-content\themes\corporate_site\home.php on line 39
[21-Feb-2024 08:52:37 UTC] PHP Warning:  Attempt to read property "slug" on string in C:\Users\yusuk\Local Sites\corporatesite\app\public\wp-content\themes\corporate_site\home.php on line 39
[21-Feb-2024 08:52:37 UTC] PHP Warning:  Attempt to read property "slug" on string in C:\Users\yusuk\Local Sites\corporatesite\app\public\wp-content\themes\corporate_site\home.php on line 39
[21-Feb-2024 08:53:04 UTC] PHP Warning:  Attempt to read property "slug" on string in C:\Users\yusuk\Local Sites\corporatesite\app\public\wp-content\themes\corporate_site\home.php on line 39
[21-Feb-2024 08:53:04 UTC] PHP Warning:  Attempt to read property "slug" on string in C:\Users\yusuk\Local Sites\corporatesite\app\public\wp-content\themes\corporate_site\home.php on line 39
[21-Feb-2024 08:53:04 UTC] PHP Warning:  Attempt to read property "slug" on string in C:\Users\yusuk\Local Sites\corporatesite\app\public\wp-content\themes\corporate_site\home.php on line 39
[21-Feb-2024 08:53:16 UTC] PHP Warning:  Attempt to read property "slug" on string in C:\Users\yusuk\Local Sites\corporatesite\app\public\wp-content\themes\corporate_site\home.php on line 39
[21-Feb-2024 08:53:16 UTC] PHP Warning:  Attempt to read property "slug" on string in C:\Users\yusuk\Local Sites\corporatesite\app\public\wp-content\themes\corporate_site\home.php on line 39
[21-Feb-2024 08:53:16 UTC] PHP Warning:  Attempt to read property "slug" on string in C:\Users\yusuk\Local Sites\corporatesite\app\public\wp-content\themes\corporate_site\home.php on line 39
[21-Feb-2024 08:53:32 UTC] PHP Warning:  Attempt to read property "post_name" on string in C:\Users\yusuk\Local Sites\corporatesite\app\public\wp-content\themes\corporate_site\home.php on line 39
[21-Feb-2024 08:53:32 UTC] PHP Warning:  Attempt to read property "post_name" on string in C:\Users\yusuk\Local Sites\corporatesite\app\public\wp-content\themes\corporate_site\home.php on line 39
[21-Feb-2024 08:53:32 UTC] PHP Warning:  Attempt to read property "post_name" on string in C:\Users\yusuk\Local Sites\corporatesite\app\public\wp-content\themes\corporate_site\home.php on line 39
[21-Feb-2024 08:54:09 UTC] PHP Warning:  Attempt to read property "category_name" on array in C:\Users\yusuk\Local Sites\corporatesite\app\public\wp-content\themes\corporate_site\home.php on line 39
[21-Feb-2024 08:54:09 UTC] PHP Warning:  Attempt to read property "post_name" on null in C:\Users\yusuk\Local Sites\corporatesite\app\public\wp-content\themes\corporate_site\home.php on line 39
[21-Feb-2024 08:54:09 UTC] PHP Warning:  Attempt to read property "category_name" on array in C:\Users\yusuk\Local Sites\corporatesite\app\public\wp-content\themes\corporate_site\home.php on line 39
[21-Feb-2024 08:54:09 UTC] PHP Warning:  Attempt to read property "post_name" on null in C:\Users\yusuk\Local Sites\corporatesite\app\public\wp-content\themes\corporate_site\home.php on line 39
[21-Feb-2024 08:54:09 UTC] PHP Warning:  Attempt to read property "category_name" on array in C:\Users\yusuk\Local Sites\corporatesite\app\public\wp-content\themes\corporate_site\home.php on line 39
[21-Feb-2024 08:54:09 UTC] PHP Warning:  Attempt to read property "post_name" on null in C:\Users\yusuk\Local Sites\corporatesite\app\public\wp-content\themes\corporate_site\home.php on line 39
[21-Feb-2024 08:58:16 UTC] PHP Fatal error:  Uncaught Error: Call to undefined function category_name() in C:\Users\yusuk\Local Sites\corporatesite\app\public\wp-content\themes\corporate_site\home.php:39
Stack trace:
#0 C:\Users\yusuk\Local Sites\corporatesite\app\public\wp-includes\template-loader.php(106): include()
#1 C:\Users\yusuk\Local Sites\corporatesite\app\public\wp-blog-header.php(19): require_once('C:\\Users\\yusuk\\...')
#2 C:\Users\yusuk\Local Sites\corporatesite\app\public\index.php(17): require('C:\\Users\\yusuk\\...')
#3 {main}
  thrown in C:\Users\yusuk\Local Sites\corporatesite\app\public\wp-content\themes\corporate_site\home.php on line 39
[21-Feb-2024 08:59:16 UTC] PHP Fatal error:  Uncaught Error: Call to undefined function category_name() in C:\Users\yusuk\Local Sites\corporatesite\app\public\wp-content\themes\corporate_site\home.php:39
Stack trace:
#0 C:\Users\yusuk\Local Sites\corporatesite\app\public\wp-includes\template-loader.php(106): include()
#1 C:\Users\yusuk\Local Sites\corporatesite\app\public\wp-blog-header.php(19): require_once('C:\\Users\\yusuk\\...')
#2 C:\Users\yusuk\Local Sites\corporatesite\app\public\index.php(17): require('C:\\Users\\yusuk\\...')
#3 {main}
  thrown in C:\Users\yusuk\Local Sites\corporatesite\app\public\wp-content\themes\corporate_site\home.php on line 39
[21-Feb-2024 08:59:22 UTC] PHP Fatal error:  Uncaught Error: Call to undefined function category_name() in C:\Users\yusuk\Local Sites\corporatesite\app\public\wp-content\themes\corporate_site\home.php:39
Stack trace:
#0 C:\Users\yusuk\Local Sites\corporatesite\app\public\wp-includes\template-loader.php(106): include()
#1 C:\Users\yusuk\Local Sites\corporatesite\app\public\wp-blog-header.php(19): require_once('C:\\Users\\yusuk\\...')
#2 C:\Users\yusuk\Local Sites\corporatesite\app\public\index.php(17): require('C:\\Users\\yusuk\\...')
#3 {main}
  thrown in C:\Users\yusuk\Local Sites\corporatesite\app\public\wp-content\themes\corporate_site\home.php on line 39
[21-Feb-2024 09:07:45 UTC] PHP Warning:  Attempt to read property "post_name" on string in C:\Users\yusuk\Local Sites\corporatesite\app\public\wp-content\themes\corporate_site\home.php on line 39
[21-Feb-2024 09:07:45 UTC] PHP Warning:  Attempt to read property "post_name" on string in C:\Users\yusuk\Local Sites\corporatesite\app\public\wp-content\themes\corporate_site\home.php on line 39
[21-Feb-2024 09:07:45 UTC] PHP Warning:  Attempt to read property "post_name" on string in C:\Users\yusuk\Local Sites\corporatesite\app\public\wp-content\themes\corporate_site\home.php on line 39
[21-Feb-2024 09:08:34 UTC] PHP Warning:  Attempt to read property "post_name" on string in C:\Users\yusuk\Local Sites\corporatesite\app\public\wp-content\themes\corporate_site\home.php on line 39
[21-Feb-2024 09:08:34 UTC] PHP Warning:  Attempt to read property "post_name" on string in C:\Users\yusuk\Local Sites\corporatesite\app\public\wp-content\themes\corporate_site\home.php on line 39
[21-Feb-2024 09:08:34 UTC] PHP Warning:  Attempt to read property "post_name" on string in C:\Users\yusuk\Local Sites\corporatesite\app\public\wp-content\themes\corporate_site\home.php on line 39
[21-Feb-2024 09:14:03 UTC] PHP Warning:  Attempt to read property "category_name" on array in C:\Users\yusuk\Local Sites\corporatesite\app\public\wp-content\themes\corporate_site\home.php on line 39
[21-Feb-2024 09:14:03 UTC] PHP Warning:  Attempt to read property "category_name" on array in C:\Users\yusuk\Local Sites\corporatesite\app\public\wp-content\themes\corporate_site\home.php on line 39
[21-Feb-2024 09:14:03 UTC] PHP Warning:  Attempt to read property "category_name" on array in C:\Users\yusuk\Local Sites\corporatesite\app\public\wp-content\themes\corporate_site\home.php on line 39
[21-Feb-2024 09:14:19 UTC] PHP Warning:  Attempt to read property "category_name" on array in C:\Users\yusuk\Local Sites\corporatesite\app\public\wp-content\themes\corporate_site\home.php on line 39
[21-Feb-2024 09:14:19 UTC] PHP Warning:  Attempt to read property "post" on null in C:\Users\yusuk\Local Sites\corporatesite\app\public\wp-content\themes\corporate_site\home.php on line 39
[21-Feb-2024 09:14:19 UTC] PHP Fatal error:  Uncaught Error: Undefined constant "name" in C:\Users\yusuk\Local Sites\corporatesite\app\public\wp-content\themes\corporate_site\home.php:39
Stack trace:
#0 C:\Users\yusuk\Local Sites\corporatesite\app\public\wp-includes\template-loader.php(106): include()
#1 C:\Users\yusuk\Local Sites\corporatesite\app\public\wp-blog-header.php(19): require_once('C:\\Users\\yusuk\\...')
#2 C:\Users\yusuk\Local Sites\corporatesite\app\public\index.php(17): require('C:\\Users\\yusuk\\...')
#3 {main}
  thrown in C:\Users\yusuk\Local Sites\corporatesite\app\public\wp-content\themes\corporate_site\home.php on line 39
[21-Feb-2024 09:14:21 UTC] PHP Warning:  Attempt to read property "category_name" on array in C:\Users\yusuk\Local Sites\corporatesite\app\public\wp-content\themes\corporate_site\home.php on line 39
[21-Feb-2024 09:14:21 UTC] PHP Warning:  Attempt to read property "post" on null in C:\Users\yusuk\Local Sites\corporatesite\app\public\wp-content\themes\corporate_site\home.php on line 39
[21-Feb-2024 09:14:21 UTC] PHP Fatal error:  Uncaught Error: Undefined constant "name" in C:\Users\yusuk\Local Sites\corporatesite\app\public\wp-content\themes\corporate_site\home.php:39
Stack trace:
#0 C:\Users\yusuk\Local Sites\corporatesite\app\public\wp-includes\template-loader.php(106): include()
#1 C:\Users\yusuk\Local Sites\corporatesite\app\public\wp-blog-header.php(19): require_once('C:\\Users\\yusuk\\...')
#2 C:\Users\yusuk\Local Sites\corporatesite\app\public\index.php(17): require('C:\\Users\\yusuk\\...')
#3 {main}
  thrown in C:\Users\yusuk\Local Sites\corporatesite\app\public\wp-content\themes\corporate_site\home.php on line 39
[21-Feb-2024 09:14:23 UTC] PHP Warning:  Attempt to read property "category_name" on array in C:\Users\yusuk\Local Sites\corporatesite\app\public\wp-content\themes\corporate_site\home.php on line 39
[21-Feb-2024 09:14:23 UTC] PHP Warning:  Attempt to read property "post" on null in C:\Users\yusuk\Local Sites\corporatesite\app\public\wp-content\themes\corporate_site\home.php on line 39
[21-Feb-2024 09:14:23 UTC] PHP Fatal error:  Uncaught Error: Undefined constant "name" in C:\Users\yusuk\Local Sites\corporatesite\app\public\wp-content\themes\corporate_site\home.php:39
Stack trace:
#0 C:\Users\yusuk\Local Sites\corporatesite\app\public\wp-includes\template-loader.php(106): include()
#1 C:\Users\yusuk\Local Sites\corporatesite\app\public\wp-blog-header.php(19): require_once('C:\\Users\\yusuk\\...')
#2 C:\Users\yusuk\Local Sites\corporatesite\app\public\index.php(17): require('C:\\Users\\yusuk\\...')
#3 {main}
  thrown in C:\Users\yusuk\Local Sites\corporatesite\app\public\wp-content\themes\corporate_site\home.php on line 39
[22-Feb-2024 23:57:02 UTC] PHP Warning:  Array to string conversion in C:\Users\yusuk\Local Sites\corporatesite\app\public\wp-content\themes\corporate_site\home.php on line 41
[22-Feb-2024 23:57:02 UTC] PHP Warning:  Array to string conversion in C:\Users\yusuk\Local Sites\corporatesite\app\public\wp-content\themes\corporate_site\home.php on line 41
[22-Feb-2024 23:57:02 UTC] PHP Warning:  Array to string conversion in C:\Users\yusuk\Local Sites\corporatesite\app\public\wp-content\themes\corporate_site\home.php on line 41
[22-Feb-2024 23:59:54 UTC] PHP Warning:  Array to string conversion in C:\Users\yusuk\Local Sites\corporatesite\app\public\wp-content\themes\corporate_site\home.php on line 41
[22-Feb-2024 23:59:54 UTC] PHP Warning:  Array to string conversion in C:\Users\yusuk\Local Sites\corporatesite\app\public\wp-content\themes\corporate_site\home.php on line 41
[22-Feb-2024 23:59:54 UTC] PHP Warning:  Array to string conversion in C:\Users\yusuk\Local Sites\corporatesite\app\public\wp-content\themes\corporate_site\home.php on line 41
[24-Feb-2024 03:05:39 UTC] PHP Warning:  Array to string conversion in C:\Users\yusuk\Local Sites\corporatesite\app\public\wp-content\themes\corporate_site\home.php on line 41
[24-Feb-2024 03:05:39 UTC] PHP Warning:  Array to string conversion in C:\Users\yusuk\Local Sites\corporatesite\app\public\wp-content\themes\corporate_site\home.php on line 41
[24-Feb-2024 03:05:39 UTC] PHP Warning:  Array to string conversion in C:\Users\yusuk\Local Sites\corporatesite\app\public\wp-content\themes\corporate_site\home.php on line 41
[24-Feb-2024 03:23:56 UTC] PHP Warning:  Array to string conversion in C:\Users\yusuk\Local Sites\corporatesite\app\public\wp-content\themes\corporate_site\home.php on line 41
[24-Feb-2024 03:23:56 UTC] PHP Warning:  Array to string conversion in C:\Users\yusuk\Local Sites\corporatesite\app\public\wp-content\themes\corporate_site\home.php on line 41
[24-Feb-2024 03:23:56 UTC] PHP Warning:  Array to string conversion in C:\Users\yusuk\Local Sites\corporatesite\app\public\wp-content\themes\corporate_site\home.php on line 41
[24-Feb-2024 03:24:04 UTC] PHP Warning:  Array to string conversion in C:\Users\yusuk\Local Sites\corporatesite\app\public\wp-content\themes\corporate_site\home.php on line 41
[24-Feb-2024 03:24:04 UTC] PHP Warning:  Array to string conversion in C:\Users\yusuk\Local Sites\corporatesite\app\public\wp-content\themes\corporate_site\home.php on line 41
[24-Feb-2024 03:24:04 UTC] PHP Warning:  Array to string conversion in C:\Users\yusuk\Local Sites\corporatesite\app\public\wp-content\themes\corporate_site\home.php on line 41
[25-Feb-2024 03:25:22 UTC] PHP Warning:  Array to string conversion in C:\Users\yusuk\Local Sites\corporatesite\app\public\wp-content\themes\corporate_site\home.php on line 41
[25-Feb-2024 03:25:22 UTC] PHP Warning:  Array to string conversion in C:\Users\yusuk\Local Sites\corporatesite\app\public\wp-content\themes\corporate_site\home.php on line 41
[25-Feb-2024 03:25:22 UTC] PHP Warning:  Array to string conversion in C:\Users\yusuk\Local Sites\corporatesite\app\public\wp-content\themes\corporate_site\home.php on line 41
[25-Feb-2024 03:52:22 UTC] PHP Warning:  Array to string conversion in C:\Users\yusuk\Local Sites\corporatesite\app\public\wp-content\themes\corporate_site\home.php on line 41
[25-Feb-2024 03:52:22 UTC] PHP Warning:  Array to string conversion in C:\Users\yusuk\Local Sites\corporatesite\app\public\wp-content\themes\corporate_site\home.php on line 41
[25-Feb-2024 03:52:22 UTC] PHP Warning:  Array to string conversion in C:\Users\yusuk\Local Sites\corporatesite\app\public\wp-content\themes\corporate_site\home.php on line 41
[25-Feb-2024 03:52:56 UTC] PHP Warning:  Array to string conversion in C:\Users\yusuk\Local Sites\corporatesite\app\public\wp-content\themes\corporate_site\home.php on line 41
[25-Feb-2024 03:52:56 UTC] PHP Warning:  Array to string conversion in C:\Users\yusuk\Local Sites\corporatesite\app\public\wp-content\themes\corporate_site\home.php on line 41
[25-Feb-2024 03:52:56 UTC] PHP Warning:  Array to string conversion in C:\Users\yusuk\Local Sites\corporatesite\app\public\wp-content\themes\corporate_site\home.php on line 41
[25-Feb-2024 03:56:17 UTC] PHP Warning:  Array to string conversion in C:\Users\yusuk\Local Sites\corporatesite\app\public\wp-content\themes\corporate_site\home.php on line 41
[25-Feb-2024 03:56:17 UTC] PHP Warning:  Array to string conversion in C:\Users\yusuk\Local Sites\corporatesite\app\public\wp-content\themes\corporate_site\home.php on line 41
[25-Feb-2024 03:56:17 UTC] PHP Warning:  Array to string conversion in C:\Users\yusuk\Local Sites\corporatesite\app\public\wp-content\themes\corporate_site\home.php on line 41
[25-Feb-2024 03:59:59 UTC] PHP Warning:  Array to string conversion in C:\Users\yusuk\Local Sites\corporatesite\app\public\wp-content\themes\corporate_site\home.php on line 41
[25-Feb-2024 03:59:59 UTC] PHP Warning:  Array to string conversion in C:\Users\yusuk\Local Sites\corporatesite\app\public\wp-content\themes\corporate_site\home.php on line 41
[25-Feb-2024 03:59:59 UTC] PHP Warning:  Array to string conversion in C:\Users\yusuk\Local Sites\corporatesite\app\public\wp-content\themes\corporate_site\home.php on line 41
[25-Feb-2024 04:01:45 UTC] PHP Warning:  Array to string conversion in C:\Users\yusuk\Local Sites\corporatesite\app\public\wp-content\themes\corporate_site\home.php on line 41
[25-Feb-2024 04:01:45 UTC] PHP Warning:  Array to string conversion in C:\Users\yusuk\Local Sites\corporatesite\app\public\wp-content\themes\corporate_site\home.php on line 41
[25-Feb-2024 04:01:45 UTC] PHP Warning:  Array to string conversion in C:\Users\yusuk\Local Sites\corporatesite\app\public\wp-content\themes\corporate_site\home.php on line 41
[25-Feb-2024 04:12:06 UTC] PHP Warning:  Array to string conversion in C:\Users\yusuk\Local Sites\corporatesite\app\public\wp-content\themes\corporate_site\home.php on line 41
[25-Feb-2024 04:12:06 UTC] PHP Warning:  Array to string conversion in C:\Users\yusuk\Local Sites\corporatesite\app\public\wp-content\themes\corporate_site\home.php on line 41
[25-Feb-2024 04:12:06 UTC] PHP Warning:  Array to string conversion in C:\Users\yusuk\Local Sites\corporatesite\app\public\wp-content\themes\corporate_site\home.php on line 41
[25-Feb-2024 04:41:44 UTC] PHP Warning:  Array to string conversion in C:\Users\yusuk\Local Sites\corporatesite\app\public\wp-content\themes\corporate_site\home.php on line 41
[25-Feb-2024 04:41:44 UTC] PHP Warning:  Array to string conversion in C:\Users\yusuk\Local Sites\corporatesite\app\public\wp-content\themes\corporate_site\home.php on line 41
[25-Feb-2024 04:41:44 UTC] PHP Warning:  Array to string conversion in C:\Users\yusuk\Local Sites\corporatesite\app\public\wp-content\themes\corporate_site\home.php on line 41
[25-Feb-2024 04:59:29 UTC] PHP Warning:  Array to string conversion in C:\Users\yusuk\Local Sites\corporatesite\app\public\wp-content\themes\corporate_site\home.php on line 41
[25-Feb-2024 04:59:29 UTC] PHP Warning:  Array to string conversion in C:\Users\yusuk\Local Sites\corporatesite\app\public\wp-content\themes\corporate_site\home.php on line 41
[25-Feb-2024 04:59:29 UTC] PHP Warning:  Array to string conversion in C:\Users\yusuk\Local Sites\corporatesite\app\public\wp-content\themes\corporate_site\home.php on line 41
[25-Feb-2024 05:12:22 UTC] PHP Warning:  Array to string conversion in C:\Users\yusuk\Local Sites\corporatesite\app\public\wp-content\themes\corporate_site\home.php on line 41
[25-Feb-2024 05:12:22 UTC] PHP Warning:  Array to string conversion in C:\Users\yusuk\Local Sites\corporatesite\app\public\wp-content\themes\corporate_site\home.php on line 41
[25-Feb-2024 05:12:22 UTC] PHP Warning:  Array to string conversion in C:\Users\yusuk\Local Sites\corporatesite\app\public\wp-content\themes\corporate_site\home.php on line 41
[25-Feb-2024 05:12:22 UTC] PHP Warning:  Undefined array key 3 in C:\Users\yusuk\Local Sites\corporatesite\app\public\wp-includes\class-wp-query.php on line 3643
[25-Feb-2024 05:12:22 UTC] PHP Warning:  Undefined array key 4 in C:\Users\yusuk\Local Sites\corporatesite\app\public\wp-includes\class-wp-query.php on line 3643
[25-Feb-2024 05:12:22 UTC] PHP Warning:  Undefined array key 5 in C:\Users\yusuk\Local Sites\corporatesite\app\public\wp-includes\class-wp-query.php on line 3643
[25-Feb-2024 05:12:22 UTC] PHP Warning:  Undefined array key 6 in C:\Users\yusuk\Local Sites\corporatesite\app\public\wp-includes\class-wp-query.php on line 3643
[25-Feb-2024 05:12:22 UTC] PHP Warning:  Undefined array key 7 in C:\Users\yusuk\Local Sites\corporatesite\app\public\wp-includes\class-wp-query.php on line 3643
[25-Feb-2024 05:12:22 UTC] PHP Warning:  Undefined array key 8 in C:\Users\yusuk\Local Sites\corporatesite\app\public\wp-includes\class-wp-query.php on line 3643
[25-Feb-2024 05:12:22 UTC] PHP Warning:  Undefined array key 9 in C:\Users\yusuk\Local Sites\corporatesite\app\public\wp-includes\class-wp-query.php on line 3643
[25-Feb-2024 05:12:52 UTC] PHP Warning:  Array to string conversion in C:\Users\yusuk\Local Sites\corporatesite\app\public\wp-content\themes\corporate_site\home.php on line 41
[25-Feb-2024 05:12:52 UTC] PHP Warning:  Array to string conversion in C:\Users\yusuk\Local Sites\corporatesite\app\public\wp-content\themes\corporate_site\home.php on line 41
[25-Feb-2024 05:12:52 UTC] PHP Warning:  Array to string conversion in C:\Users\yusuk\Local Sites\corporatesite\app\public\wp-content\themes\corporate_site\home.php on line 41
[25-Feb-2024 05:12:52 UTC] PHP Warning:  Undefined array key 3 in C:\Users\yusuk\Local Sites\corporatesite\app\public\wp-includes\class-wp-query.php on line 3643
[25-Feb-2024 05:12:52 UTC] PHP Warning:  Undefined array key 4 in C:\Users\yusuk\Local Sites\corporatesite\app\public\wp-includes\class-wp-query.php on line 3643
[25-Feb-2024 05:12:52 UTC] PHP Warning:  Undefined array key 5 in C:\Users\yusuk\Local Sites\corporatesite\app\public\wp-includes\class-wp-query.php on line 3643
[25-Feb-2024 05:12:52 UTC] PHP Warning:  Undefined array key 6 in C:\Users\yusuk\Local Sites\corporatesite\app\public\wp-includes\class-wp-query.php on line 3643
[25-Feb-2024 05:12:52 UTC] PHP Warning:  Undefined array key 7 in C:\Users\yusuk\Local Sites\corporatesite\app\public\wp-includes\class-wp-query.php on line 3643
[25-Feb-2024 05:12:52 UTC] PHP Warning:  Undefined array key 8 in C:\Users\yusuk\Local Sites\corporatesite\app\public\wp-includes\class-wp-query.php on line 3643
[25-Feb-2024 05:12:52 UTC] PHP Warning:  Undefined array key 9 in C:\Users\yusuk\Local Sites\corporatesite\app\public\wp-includes\class-wp-query.php on line 3643
[25-Feb-2024 05:36:13 UTC] PHP Fatal error:  Uncaught Error: Call to undefined function post_name() in C:\Users\yusuk\Local Sites\corporatesite\app\public\wp-content\themes\corporate_site\home.php:41
Stack trace:
#0 C:\Users\yusuk\Local Sites\corporatesite\app\public\wp-includes\template-loader.php(106): include()
#1 C:\Users\yusuk\Local Sites\corporatesite\app\public\wp-blog-header.php(19): require_once('C:\\Users\\yusuk\\...')
#2 C:\Users\yusuk\Local Sites\corporatesite\app\public\index.php(17): require('C:\\Users\\yusuk\\...')
#3 {main}
  thrown in C:\Users\yusuk\Local Sites\corporatesite\app\public\wp-content\themes\corporate_site\home.php on line 41
[25-Feb-2024 06:42:55 UTC] PHP Warning:  Undefined variable $slug in C:\Users\yusuk\Local Sites\corporatesite\app\public\wp-content\themes\corporate_site\home.php on line 24
[25-Feb-2024 06:43:18 UTC] PHP Warning:  Undefined variable $slug in C:\Users\yusuk\Local Sites\corporatesite\app\public\wp-content\themes\corporate_site\home.php on line 24
[25-Feb-2024 06:43:18 UTC] PHP Warning:  Undefined variable $slug in C:\Users\yusuk\Local Sites\corporatesite\app\public\wp-content\themes\corporate_site\home.php on line 40
[25-Feb-2024 06:43:18 UTC] PHP Fatal error:  Uncaught Error: Value of type null is not callable in C:\Users\yusuk\Local Sites\corporatesite\app\public\wp-content\themes\corporate_site\home.php:40
Stack trace:
#0 C:\Users\yusuk\Local Sites\corporatesite\app\public\wp-includes\template-loader.php(106): include()
#1 C:\Users\yusuk\Local Sites\corporatesite\app\public\wp-blog-header.php(19): require_once('C:\\Users\\yusuk\\...')
#2 C:\Users\yusuk\Local Sites\corporatesite\app\public\index.php(17): require('C:\\Users\\yusuk\\...')
#3 {main}
  thrown in C:\Users\yusuk\Local Sites\corporatesite\app\public\wp-content\themes\corporate_site\home.php on line 40
[25-Feb-2024 06:48:06 UTC] PHP Warning:  Array to string conversion in C:\Users\yusuk\Local Sites\corporatesite\app\public\wp-content\themes\corporate_site\home.php on line 40
[25-Feb-2024 06:48:06 UTC] PHP Warning:  Array to string conversion in C:\Users\yusuk\Local Sites\corporatesite\app\public\wp-content\themes\corporate_site\home.php on line 40
[25-Feb-2024 06:48:06 UTC] PHP Warning:  Array to string conversion in C:\Users\yusuk\Local Sites\corporatesite\app\public\wp-content\themes\corporate_site\home.php on line 40
[25-Feb-2024 06:48:40 UTC] PHP Warning:  Array to string conversion in C:\Users\yusuk\Local Sites\corporatesite\app\public\wp-content\themes\corporate_site\home.php on line 40
[25-Feb-2024 06:48:40 UTC] PHP Warning:  Array to string conversion in C:\Users\yusuk\Local Sites\corporatesite\app\public\wp-content\themes\corporate_site\home.php on line 40
[25-Feb-2024 06:48:40 UTC] PHP Warning:  Array to string conversion in C:\Users\yusuk\Local Sites\corporatesite\app\public\wp-content\themes\corporate_site\home.php on line 40
[25-Feb-2024 06:50:51 UTC] PHP Fatal error:  Uncaught Error: Call to undefined function category_name() in C:\Users\yusuk\Local Sites\corporatesite\app\public\wp-content\themes\corporate_site\home.php:40
Stack trace:
#0 C:\Users\yusuk\Local Sites\corporatesite\app\public\wp-includes\template-loader.php(106): include()
#1 C:\Users\yusuk\Local Sites\corporatesite\app\public\wp-blog-header.php(19): require_once('C:\\Users\\yusuk\\...')
#2 C:\Users\yusuk\Local Sites\corporatesite\app\public\index.php(17): require('C:\\Users\\yusuk\\...')
#3 {main}
  thrown in C:\Users\yusuk\Local Sites\corporatesite\app\public\wp-content\themes\corporate_site\home.php on line 40
